<?xml version="1.0" encoding="UTF-8"?>
<testsuite name="com.dws.challenge.FundTransferServiceTest" tests="1" skipped="0" failures="0" errors="0" timestamp="2024-09-09T09:24:35" hostname="LAPTOP-36KDOGFH" time="0.697">
  <properties/>
  <testcase name="testSimpleTransfer()" classname="com.dws.challenge.FundTransferServiceTest" time="0.697"/>
  <system-out><![CDATA[]]></system-out>
  <system-err><![CDATA[]]></system-err>
</testsuite>
